<?xml version='1.0' encoding='UTF-8' ?>
<testsuite errors="0" failures="0" hostname="admins-mac-mini.cybage.com" name="MixedLanugageExampleUITests" tests="1" time="12.391" timestamp="2017-06-20 18:39:28 +0530"><testcase classname='MixedLanugageExampleUITests' name='testExample' time='12.389' />
</testsuite>
